# JRE version: OpenJDK Runtime Environment (17.0.11) (build 17.0.11+0--11852314)
# Java VM: OpenJDK 64-Bit Server VM (17.0.11+0--11852314, mixed mode, tiered, compressed oops, compressed class ptrs, g1 gc, windows-amd64)
GC Precious Log:
 CPUs: 8 total, 8 available
 Memory: 16225M
 Large Page Support: Disabled
 NUMA Support: Disabled
 Compressed Oops: Enabled (32-bit)
 Heap Region Size: 1M
 Heap Min Capacity: 8M
 Heap Initial Capacity: 254M
 Heap Max Capacity: 2G
 Pre-touch: Disabled
 Parallel Workers: 8
 Concurrent Workers: 2
 Concurrent Refinement Workers: 8
 Periodic GC: Disabled
Heap:
 garbage-first heap   total 460800K, used 207818K [0x0000000080000000, 0x0000000100000000)
  region size 1024K, 16 young (16384K), 3 survivors (3072K)
 Metaspace       used 149022K, committed 150528K, reserved 1179648K
  class space    used 19616K, committed 20352K, reserved 1048576K
GC Heap History (20 events):
Event: 150.227 GC heap before
{Heap before GC invocations=82 (full 0):
 garbage-first heap   total 336896K, used 278877K [0x0000000080000000, 0x0000000100000000)
  region size 1024K, 82 young (83968K), 11 survivors (11264K)
 Metaspace       used 143697K, committed 145088K, reserved 1179648K
  class space    used 19014K, committed 19712K, reserved 1048576K
}
Event: 150.237 GC heap after
{Heap after GC invocations=83 (full 0):
 garbage-first heap   total 336896K, used 211604K [0x0000000080000000, 0x0000000100000000)
  region size 1024K, 5 young (5120K), 5 survivors (5120K)
 Metaspace       used 143697K, committed 145088K, reserved 1179648K
  class space    used 19014K, committed 19712K, reserved 1048576K
}
Event: 152.899 GC heap before
{Heap before GC invocations=83 (full 0):
 garbage-first heap   total 336896K, used 281236K [0x0000000080000000, 0x0000000100000000)
  region size 1024K, 74 young (75776K), 5 survivors (5120K)
 Metaspace       used 144372K, committed 145792K, reserved 1179648K
  class space    used 19095K, committed 19776K, reserved 1048576K
}
Event: 152.907 GC heap after
{Heap after GC invocations=84 (full 0):
 garbage-first heap   total 336896K, used 216263K [0x0000000080000000, 0x0000000100000000)
  region size 1024K, 10 young (10240K), 10 survivors (10240K)
 Metaspace       used 144372K, committed 145792K, reserved 1179648K
  class space    used 19095K, committed 19776K, reserved 1048576K
}
Event: 154.525 GC heap before
{Heap before GC invocations=84 (full 0):
 garbage-first heap   total 336896K, used 308423K [0x0000000080000000, 0x0000000100000000)
  region size 1024K, 72 young (73728K), 10 survivors (10240K)
 Metaspace       used 146349K, committed 147840K, reserved 1179648K
  class space    used 19353K, committed 20032K, reserved 1048576K
}
Event: 154.532 GC heap after
{Heap after GC invocations=85 (full 0):
 garbage-first heap   total 336896K, used 240286K [0x0000000080000000, 0x0000000100000000)
  region size 1024K, 6 young (6144K), 6 survivors (6144K)
 Metaspace       used 146349K, committed 147840K, reserved 1179648K
  class space    used 19353K, committed 20032K, reserved 1048576K
}
Event: 247.955 GC heap before
{Heap before GC invocations=85 (full 0):
 garbage-first heap   total 336896K, used 298654K [0x0000000080000000, 0x0000000100000000)
  region size 1024K, 52 young (53248K), 6 survivors (6144K)
 Metaspace       used 146750K, committed 148224K, reserved 1179648K
  class space    used 19405K, committed 20096K, reserved 1048576K
}
Event: 247.962 GC heap after
{Heap after GC invocations=86 (full 0):
 garbage-first heap   total 336896K, used 220282K [0x0000000080000000, 0x0000000100000000)
  region size 1024K, 6 young (6144K), 6 survivors (6144K)
 Metaspace       used 146750K, committed 148224K, reserved 1179648K
  class space    used 19405K, committed 20096K, reserved 1048576K
}
Event: 249.199 GC heap before
{Heap before GC invocations=86 (full 0):
 garbage-first heap   total 336896K, used 285818K [0x0000000080000000, 0x0000000100000000)
  region size 1024K, 68 young (69632K), 6 survivors (6144K)
 Metaspace       used 147580K, committed 149120K, reserved 1179648K
  class space    used 19493K, committed 20224K, reserved 1048576K
}
Event: 249.211 GC heap after
{Heap after GC invocations=87 (full 0):
 garbage-first heap   total 336896K, used 241931K [0x0000000080000000, 0x0000000100000000)
  region size 1024K, 9 young (9216K), 9 survivors (9216K)
 Metaspace       used 147580K, committed 149120K, reserved 1179648K
  class space    used 19493K, committed 20224K, reserved 1048576K
}
Event: 249.623 GC heap before
{Heap before GC invocations=87 (full 0):
 garbage-first heap   total 336896K, used 306443K [0x0000000080000000, 0x0000000100000000)
  region size 1024K, 45 young (46080K), 9 survivors (9216K)
 Metaspace       used 148908K, committed 150464K, reserved 1179648K
  class space    used 19636K, committed 20352K, reserved 1048576K
}
Event: 249.637 GC heap after
{Heap after GC invocations=88 (full 0):
 garbage-first heap   total 336896K, used 249856K [0x0000000080000000, 0x0000000100000000)
  region size 1024K, 6 young (6144K), 6 survivors (6144K)
 Metaspace       used 148908K, committed 150464K, reserved 1179648K
  class space    used 19636K, committed 20352K, reserved 1048576K
}
Event: 251.657 GC heap before
{Heap before GC invocations=88 (full 0):
 garbage-first heap   total 336896K, used 281600K [0x0000000080000000, 0x0000000100000000)
  region size 1024K, 38 young (38912K), 6 survivors (6144K)
 Metaspace       used 148954K, committed 150464K, reserved 1179648K
  class space    used 19636K, committed 20352K, reserved 1048576K
}
Event: 251.666 GC heap after
{Heap after GC invocations=89 (full 0):
 garbage-first heap   total 336896K, used 257563K [0x0000000080000000, 0x0000000100000000)
  region size 1024K, 5 young (5120K), 5 survivors (5120K)
 Metaspace       used 148954K, committed 150464K, reserved 1179648K
  class space    used 19636K, committed 20352K, reserved 1048576K
}
Event: 251.989 GC heap before
{Heap before GC invocations=89 (full 0):
 garbage-first heap   total 336896K, used 307739K [0x0000000080000000, 0x0000000100000000)
  region size 1024K, 30 young (30720K), 5 survivors (5120K)
 Metaspace       used 149000K, committed 150528K, reserved 1179648K
  class space    used 19636K, committed 20352K, reserved 1048576K
}
Event: 251.994 GC heap after
{Heap after GC invocations=90 (full 0):
 garbage-first heap   total 336896K, used 281944K [0x0000000080000000, 0x0000000100000000)
  region size 1024K, 2 young (2048K), 2 survivors (2048K)
 Metaspace       used 149000K, committed 150528K, reserved 1179648K
  class space    used 19636K, committed 20352K, reserved 1048576K
}
Event: 441.189 GC heap before
{Heap before GC invocations=91 (full 0):
 garbage-first heap   total 460800K, used 289112K [0x0000000080000000, 0x0000000100000000)
  region size 1024K, 16 young (16384K), 2 survivors (2048K)
 Metaspace       used 148961K, committed 150528K, reserved 1179648K
  class space    used 19613K, committed 20352K, reserved 1048576K
}
Event: 441.192 GC heap after
{Heap after GC invocations=92 (full 0):
 garbage-first heap   total 460800K, used 236354K [0x0000000080000000, 0x0000000100000000)
  region size 1024K, 2 young (2048K), 2 survivors (2048K)
 Metaspace       used 148961K, committed 150528K, reserved 1179648K
  class space    used 19613K, committed 20352K, reserved 1048576K
}
Event: 441.302 GC heap before
{Heap before GC invocations=92 (full 0):
 garbage-first heap   total 460800K, used 255810K [0x0000000080000000, 0x0000000100000000)
  region size 1024K, 22 young (22528K), 2 survivors (2048K)
 Metaspace       used 148976K, committed 150528K, reserved 1179648K
  class space    used 19613K, committed 20352K, reserved 1048576K
}
Event: 441.308 GC heap after
{Heap after GC invocations=93 (full 0):
 garbage-first heap   total 460800K, used 196554K [0x0000000080000000, 0x0000000100000000)
  region size 1024K, 3 young (3072K), 3 survivors (3072K)
 Metaspace       used 148976K, committed 150528K, reserved 1179648K
  class space    used 19613K, committed 20352K, reserved 1048576K
}

