# JRE version: OpenJDK Runtime Environment (17.0.11) (build 17.0.11+0--11852314)
# Java VM: OpenJDK 64-Bit Server VM (17.0.11+0--11852314, mixed mode, tiered, compressed oops, compressed class ptrs, g1 gc, windows-amd64)
GC Precious Log:
 CPUs: 8 total, 8 available
 Memory: 16225M
 Large Page Support: Disabled
 NUMA Support: Disabled
 Compressed Oops: Enabled (32-bit)
 Heap Region Size: 1M
 Heap Min Capacity: 8M
 Heap Initial Capacity: 254M
 Heap Max Capacity: 2G
 Pre-touch: Disabled
 Parallel Workers: 8
 Concurrent Workers: 2
 Concurrent Refinement Workers: 8
 Periodic GC: Disabled
Heap:
 garbage-first heap   total 273408K, used 147320K [0x0000000080000000, 0x0000000100000000)
  region size 1024K, 2 young (2048K), 2 survivors (2048K)
 Metaspace       used 100666K, committed 101312K, reserved 1179648K
  class space    used 13971K, committed 14272K, reserved 1048576K
GC Heap History (20 events):
Event: 7.560 GC heap after
{Heap after GC invocations=35 (full 0):
 garbage-first heap   total 183296K, used 75307K [0x0000000080000000, 0x0000000100000000)
  region size 1024K, 11 young (11264K), 11 survivors (11264K)
 Metaspace       used 88827K, committed 89536K, reserved 1179648K
  class space    used 12383K, committed 12672K, reserved 1048576K
}
Event: 7.957 GC heap before
{Heap before GC invocations=35 (full 0):
 garbage-first heap   total 183296K, used 146987K [0x0000000080000000, 0x0000000100000000)
  region size 1024K, 82 young (83968K), 11 survivors (11264K)
 Metaspace       used 89967K, committed 90688K, reserved 1179648K
  class space    used 12531K, committed 12864K, reserved 1048576K
}
Event: 7.965 GC heap after
{Heap after GC invocations=36 (full 0):
 garbage-first heap   total 183296K, used 80470K [0x0000000080000000, 0x0000000100000000)
  region size 1024K, 6 young (6144K), 6 survivors (6144K)
 Metaspace       used 89967K, committed 90688K, reserved 1179648K
  class space    used 12531K, committed 12864K, reserved 1048576K
}
Event: 8.248 GC heap before
{Heap before GC invocations=36 (full 0):
 garbage-first heap   total 183296K, used 152150K [0x0000000080000000, 0x0000000100000000)
  region size 1024K, 72 young (73728K), 6 survivors (6144K)
 Metaspace       used 92880K, committed 93632K, reserved 1179648K
  class space    used 12840K, committed 13184K, reserved 1048576K
}
Event: 8.253 GC heap after
{Heap after GC invocations=37 (full 0):
 garbage-first heap   total 183296K, used 85788K [0x0000000080000000, 0x0000000100000000)
  region size 1024K, 6 young (6144K), 6 survivors (6144K)
 Metaspace       used 92880K, committed 93632K, reserved 1179648K
  class space    used 12840K, committed 13184K, reserved 1048576K
}
Event: 8.302 GC heap before
{Heap before GC invocations=37 (full 0):
 garbage-first heap   total 183296K, used 148252K [0x0000000080000000, 0x0000000100000000)
  region size 1024K, 68 young (69632K), 6 survivors (6144K)
 Metaspace       used 93405K, committed 94144K, reserved 1179648K
  class space    used 12904K, committed 13248K, reserved 1048576K
}
Event: 8.306 GC heap after
{Heap after GC invocations=38 (full 0):
 garbage-first heap   total 183296K, used 97541K [0x0000000080000000, 0x0000000100000000)
  region size 1024K, 9 young (9216K), 9 survivors (9216K)
 Metaspace       used 93405K, committed 94144K, reserved 1179648K
  class space    used 12904K, committed 13248K, reserved 1048576K
}
Event: 8.453 GC heap before
{Heap before GC invocations=38 (full 0):
 garbage-first heap   total 183296K, used 146693K [0x0000000080000000, 0x0000000100000000)
  region size 1024K, 58 young (59392K), 9 survivors (9216K)
 Metaspace       used 95095K, committed 95808K, reserved 1179648K
  class space    used 13151K, committed 13504K, reserved 1048576K
}
Event: 8.457 GC heap after
{Heap after GC invocations=39 (full 0):
 garbage-first heap   total 225280K, used 104675K [0x0000000080000000, 0x0000000100000000)
  region size 1024K, 7 young (7168K), 7 survivors (7168K)
 Metaspace       used 95095K, committed 95808K, reserved 1179648K
  class space    used 13151K, committed 13504K, reserved 1048576K
}
Event: 8.722 GC heap before
{Heap before GC invocations=40 (full 0):
 garbage-first heap   total 225280K, used 178403K [0x0000000080000000, 0x0000000100000000)
  region size 1024K, 80 young (81920K), 7 survivors (7168K)
 Metaspace       used 97465K, committed 98240K, reserved 1179648K
  class space    used 13484K, committed 13824K, reserved 1048576K
}
Event: 8.730 GC heap after
{Heap after GC invocations=41 (full 0):
 garbage-first heap   total 225280K, used 114620K [0x0000000080000000, 0x0000000100000000)
  region size 1024K, 10 young (10240K), 10 survivors (10240K)
 Metaspace       used 97465K, committed 98240K, reserved 1179648K
  class space    used 13484K, committed 13824K, reserved 1048576K
}
Event: 8.733 GC heap before
{Heap before GC invocations=41 (full 0):
 garbage-first heap   total 225280K, used 115644K [0x0000000080000000, 0x0000000100000000)
  region size 1024K, 11 young (11264K), 10 survivors (10240K)
 Metaspace       used 97487K, committed 98240K, reserved 1179648K
  class space    used 13488K, committed 13824K, reserved 1048576K
}
Event: 8.742 GC heap after
{Heap after GC invocations=42 (full 0):
 garbage-first heap   total 225280K, used 116406K [0x0000000080000000, 0x0000000100000000)
  region size 1024K, 2 young (2048K), 2 survivors (2048K)
 Metaspace       used 97487K, committed 98240K, reserved 1179648K
  class space    used 13488K, committed 13824K, reserved 1048576K
}
Event: 8.830 GC heap before
{Heap before GC invocations=42 (full 0):
 garbage-first heap   total 225280K, used 179894K [0x0000000080000000, 0x0000000100000000)
  region size 1024K, 64 young (65536K), 2 survivors (2048K)
 Metaspace       used 98018K, committed 98752K, reserved 1179648K
  class space    used 13573K, committed 13888K, reserved 1048576K
}
Event: 8.838 GC heap after
{Heap after GC invocations=43 (full 0):
 garbage-first heap   total 225280K, used 126976K [0x0000000080000000, 0x0000000100000000)
  region size 1024K, 8 young (8192K), 8 survivors (8192K)
 Metaspace       used 98018K, committed 98752K, reserved 1179648K
  class space    used 13573K, committed 13888K, reserved 1048576K
}
Event: 8.983 GC heap before
{Heap before GC invocations=43 (full 0):
 garbage-first heap   total 273408K, used 180224K [0x0000000080000000, 0x0000000100000000)
  region size 1024K, 61 young (62464K), 8 survivors (8192K)
 Metaspace       used 99096K, committed 99840K, reserved 1179648K
  class space    used 13745K, committed 14080K, reserved 1048576K
}
Event: 8.994 GC heap after
{Heap after GC invocations=44 (full 0):
 garbage-first heap   total 273408K, used 135295K [0x0000000080000000, 0x0000000100000000)
  region size 1024K, 8 young (8192K), 8 survivors (8192K)
 Metaspace       used 99096K, committed 99840K, reserved 1179648K
  class space    used 13745K, committed 14080K, reserved 1048576K
}
Event: 9.155 GC heap before
{Heap before GC invocations=45 (full 0):
 garbage-first heap   total 273408K, used 215167K [0x0000000080000000, 0x0000000100000000)
  region size 1024K, 86 young (88064K), 8 survivors (8192K)
 Metaspace       used 100664K, committed 101312K, reserved 1179648K
  class space    used 13971K, committed 14272K, reserved 1048576K
}
Event: 9.165 GC heap after
{Heap after GC invocations=46 (full 0):
 garbage-first heap   total 273408K, used 146492K [0x0000000080000000, 0x0000000100000000)
  region size 1024K, 11 young (11264K), 11 survivors (11264K)
 Metaspace       used 100664K, committed 101312K, reserved 1179648K
  class space    used 13971K, committed 14272K, reserved 1048576K
}
Event: 9.169 GC heap before
{Heap before GC invocations=46 (full 0):
 garbage-first heap   total 273408K, used 148540K [0x0000000080000000, 0x0000000100000000)
  region size 1024K, 13 young (13312K), 11 survivors (11264K)
 Metaspace       used 100666K, committed 101312K, reserved 1179648K
  class space    used 13971K, committed 14272K, reserved 1048576K
}

