# JRE version: OpenJDK Runtime Environment (17.0.11) (build 17.0.11+0--11852314)
# Java VM: OpenJDK 64-Bit Server VM (17.0.11+0--11852314, mixed mode, tiered, compressed oops, compressed class ptrs, g1 gc, windows-amd64)
GC Precious Log:
 CPUs: 8 total, 8 available
 Memory: 16225M
 Large Page Support: Disabled
 NUMA Support: Disabled
 Compressed Oops: Enabled (32-bit)
 Heap Region Size: 1M
 Heap Min Capacity: 8M
 Heap Initial Capacity: 254M
 Heap Max Capacity: 2G
 Pre-touch: Disabled
 Parallel Workers: 8
 Concurrent Workers: 2
 Concurrent Refinement Workers: 8
 Periodic GC: Disabled
Heap:
 garbage-first heap   total 260096K, used 116565K [0x0000000080000000, 0x0000000100000000)
  region size 1024K, 11 young (11264K), 11 survivors (11264K)
 Metaspace       used 101485K, committed 102336K, reserved 1179648K
  class space    used 13788K, committed 14208K, reserved 1048576K
GC Heap History (20 events):
Event: 12.879 GC heap after
{Heap after GC invocations=37 (full 0):
 garbage-first heap   total 228352K, used 78701K [0x0000000080000000, 0x0000000100000000)
  region size 1024K, 14 young (14336K), 14 survivors (14336K)
 Metaspace       used 89173K, committed 89856K, reserved 1179648K
  class space    used 12383K, committed 12672K, reserved 1048576K
}
Event: 13.956 GC heap before
{Heap before GC invocations=37 (full 0):
 garbage-first heap   total 228352K, used 180077K [0x0000000080000000, 0x0000000100000000)
  region size 1024K, 114 young (116736K), 14 survivors (14336K)
 Metaspace       used 90096K, committed 90816K, reserved 1179648K
  class space    used 12438K, committed 12736K, reserved 1048576K
}
Event: 13.969 GC heap after
{Heap after GC invocations=38 (full 0):
 garbage-first heap   total 228352K, used 86271K [0x0000000080000000, 0x0000000100000000)
  region size 1024K, 8 young (8192K), 8 survivors (8192K)
 Metaspace       used 90096K, committed 90816K, reserved 1179648K
  class space    used 12438K, committed 12736K, reserved 1048576K
}
Event: 14.868 GC heap before
{Heap before GC invocations=38 (full 0):
 garbage-first heap   total 228352K, used 180479K [0x0000000080000000, 0x0000000100000000)
  region size 1024K, 101 young (103424K), 8 survivors (8192K)
 Metaspace       used 90537K, committed 91200K, reserved 1179648K
  class space    used 12480K, committed 12800K, reserved 1048576K
}
Event: 14.876 GC heap after
{Heap after GC invocations=39 (full 0):
 garbage-first heap   total 228352K, used 91671K [0x0000000080000000, 0x0000000100000000)
  region size 1024K, 6 young (6144K), 6 survivors (6144K)
 Metaspace       used 90537K, committed 91200K, reserved 1179648K
  class space    used 12480K, committed 12800K, reserved 1048576K
}
Event: 16.007 GC heap before
{Heap before GC invocations=39 (full 0):
 garbage-first heap   total 228352K, used 187927K [0x0000000080000000, 0x0000000100000000)
  region size 1024K, 96 young (98304K), 6 survivors (6144K)
 Metaspace       used 97670K, committed 98368K, reserved 1179648K
  class space    used 13379K, committed 13696K, reserved 1048576K
}
Event: 16.014 GC heap after
{Heap after GC invocations=40 (full 0):
 garbage-first heap   total 228352K, used 97310K [0x0000000080000000, 0x0000000100000000)
  region size 1024K, 12 young (12288K), 12 survivors (12288K)
 Metaspace       used 97670K, committed 98368K, reserved 1179648K
  class space    used 13379K, committed 13696K, reserved 1048576K
}
Event: 16.071 GC heap before
{Heap before GC invocations=40 (full 0):
 garbage-first heap   total 228352K, used 110622K [0x0000000080000000, 0x0000000100000000)
  region size 1024K, 15 young (15360K), 12 survivors (12288K)
 Metaspace       used 97967K, committed 98688K, reserved 1179648K
  class space    used 13406K, committed 13760K, reserved 1048576K
}
Event: 16.077 GC heap after
{Heap after GC invocations=41 (full 0):
 garbage-first heap   total 228352K, used 107684K [0x0000000080000000, 0x0000000100000000)
  region size 1024K, 7 young (7168K), 7 survivors (7168K)
 Metaspace       used 97967K, committed 98688K, reserved 1179648K
  class space    used 13406K, committed 13760K, reserved 1048576K
}
Event: 16.186 GC heap before
{Heap before GC invocations=41 (full 0):
 garbage-first heap   total 228352K, used 119972K [0x0000000080000000, 0x0000000100000000)
  region size 1024K, 11 young (11264K), 7 survivors (7168K)
 Metaspace       used 98223K, committed 98944K, reserved 1179648K
  class space    used 13439K, committed 13760K, reserved 1048576K
}
Event: 16.191 GC heap after
{Heap after GC invocations=42 (full 0):
 garbage-first heap   total 228352K, used 98564K [0x0000000080000000, 0x0000000100000000)
  region size 1024K, 2 young (2048K), 2 survivors (2048K)
 Metaspace       used 98223K, committed 98944K, reserved 1179648K
  class space    used 13439K, committed 13760K, reserved 1048576K
}
Event: 16.191 GC heap before
{Heap before GC invocations=42 (full 0):
 garbage-first heap   total 228352K, used 102660K [0x0000000080000000, 0x0000000100000000)
  region size 1024K, 3 young (3072K), 2 survivors (2048K)
 Metaspace       used 98223K, committed 98944K, reserved 1179648K
  class space    used 13439K, committed 13760K, reserved 1048576K
}
Event: 16.193 GC heap after
{Heap after GC invocations=43 (full 0):
 garbage-first heap   total 228352K, used 101782K [0x0000000080000000, 0x0000000100000000)
  region size 1024K, 1 young (1024K), 1 survivors (1024K)
 Metaspace       used 98223K, committed 98944K, reserved 1179648K
  class space    used 13439K, committed 13760K, reserved 1048576K
}
Event: 16.194 GC heap before
{Heap before GC invocations=43 (full 0):
 garbage-first heap   total 228352K, used 105878K [0x0000000080000000, 0x0000000100000000)
  region size 1024K, 2 young (2048K), 1 survivors (1024K)
 Metaspace       used 98223K, committed 98944K, reserved 1179648K
  class space    used 13439K, committed 13760K, reserved 1048576K
}
Event: 16.195 GC heap after
{Heap after GC invocations=44 (full 0):
 garbage-first heap   total 228352K, used 105781K [0x0000000080000000, 0x0000000100000000)
  region size 1024K, 1 young (1024K), 1 survivors (1024K)
 Metaspace       used 98223K, committed 98944K, reserved 1179648K
  class space    used 13439K, committed 13760K, reserved 1048576K
}
Event: 21.657 GC heap before
{Heap before GC invocations=45 (full 0):
 garbage-first heap   total 242688K, used 224565K [0x0000000080000000, 0x0000000100000000)
  region size 1024K, 84 young (86016K), 1 survivors (1024K)
 Metaspace       used 100860K, committed 101696K, reserved 1179648K
  class space    used 13747K, committed 14144K, reserved 1048576K
}
Event: 21.667 GC heap after
{Heap after GC invocations=46 (full 0):
 garbage-first heap   total 242688K, used 106259K [0x0000000080000000, 0x0000000100000000)
  region size 1024K, 9 young (9216K), 9 survivors (9216K)
 Metaspace       used 100860K, committed 101696K, reserved 1179648K
  class space    used 13747K, committed 14144K, reserved 1048576K
}
Event: 21.697 GC heap before
{Heap before GC invocations=46 (full 0):
 garbage-first heap   total 242688K, used 108307K [0x0000000080000000, 0x0000000100000000)
  region size 1024K, 11 young (11264K), 9 survivors (9216K)
 Metaspace       used 100876K, committed 101760K, reserved 1179648K
  class space    used 13747K, committed 14144K, reserved 1048576K
}
Event: 21.707 GC heap after
{Heap after GC invocations=47 (full 0):
 garbage-first heap   total 242688K, used 107542K [0x0000000080000000, 0x0000000100000000)
  region size 1024K, 2 young (2048K), 2 survivors (2048K)
 Metaspace       used 100876K, committed 101760K, reserved 1179648K
  class space    used 13747K, committed 14144K, reserved 1048576K
}
Event: 36.469 GC heap before
{Heap before GC invocations=47 (full 0):
 garbage-first heap   total 242688K, used 200726K [0x0000000080000000, 0x0000000100000000)
  region size 1024K, 93 young (95232K), 2 survivors (2048K)
 Metaspace       used 101485K, committed 102336K, reserved 1179648K
  class space    used 13788K, committed 14208K, reserved 1048576K
}

