# JRE version: OpenJDK Runtime Environment (17.0.11) (build 17.0.11+0--11852314)
# Java VM: OpenJDK 64-Bit Server VM (17.0.11+0--11852314, mixed mode, tiered, compressed oops, compressed class ptrs, g1 gc, windows-amd64)
GC Precious Log:
 CPUs: 8 total, 8 available
 Memory: 16225M
 Large Page Support: Disabled
 NUMA Support: Disabled
 Compressed Oops: Enabled (32-bit)
 Heap Region Size: 1M
 Heap Min Capacity: 8M
 Heap Initial Capacity: 254M
 Heap Max Capacity: 2G
 Pre-touch: Disabled
 Parallel Workers: 8
 Concurrent Workers: 2
 Concurrent Refinement Workers: 8
 Periodic GC: Disabled
Heap:
 garbage-first heap   total 427008K, used 286372K [0x0000000080000000, 0x0000000100000000)
  region size 1024K, 9 young (9216K), 9 survivors (9216K)
 Metaspace       used 145176K, committed 146368K, reserved 1179648K
  class space    used 19768K, committed 20352K, reserved 1048576K
GC Heap History (20 events):
Event: 398.204 GC heap after
{Heap after GC invocations=87 (full 0):
 garbage-first heap   total 317440K, used 195809K [0x0000000080000000, 0x0000000100000000)
  region size 1024K, 6 young (6144K), 6 survivors (6144K)
 Metaspace       used 130608K, committed 131712K, reserved 1179648K
  class space    used 17496K, committed 18048K, reserved 1048576K
}
Event: 398.414 GC heap before
{Heap before GC invocations=87 (full 0):
 garbage-first heap   total 317440K, used 265441K [0x0000000080000000, 0x0000000100000000)
  region size 1024K, 75 young (76800K), 6 survivors (6144K)
 Metaspace       used 131138K, committed 132352K, reserved 1179648K
  class space    used 17577K, committed 18176K, reserved 1048576K
}
Event: 398.418 GC heap after
{Heap after GC invocations=88 (full 0):
 garbage-first heap   total 317440K, used 196902K [0x0000000080000000, 0x0000000100000000)
  region size 1024K, 7 young (7168K), 7 survivors (7168K)
 Metaspace       used 131138K, committed 132352K, reserved 1179648K
  class space    used 17577K, committed 18176K, reserved 1048576K
}
Event: 398.534 GC heap before
{Heap before GC invocations=88 (full 0):
 garbage-first heap   total 317440K, used 268582K [0x0000000080000000, 0x0000000100000000)
  region size 1024K, 78 young (79872K), 7 survivors (7168K)
 Metaspace       used 131858K, committed 132992K, reserved 1179648K
  class space    used 17686K, committed 18240K, reserved 1048576K
}
Event: 398.540 GC heap after
{Heap after GC invocations=89 (full 0):
 garbage-first heap   total 317440K, used 205341K [0x0000000080000000, 0x0000000100000000)
  region size 1024K, 10 young (10240K), 10 survivors (10240K)
 Metaspace       used 131858K, committed 132992K, reserved 1179648K
  class space    used 17686K, committed 18240K, reserved 1048576K
}
Event: 398.644 GC heap before
{Heap before GC invocations=89 (full 0):
 garbage-first heap   total 317440K, used 267805K [0x0000000080000000, 0x0000000100000000)
  region size 1024K, 72 young (73728K), 10 survivors (10240K)
 Metaspace       used 132606K, committed 133760K, reserved 1179648K
  class space    used 17788K, committed 18368K, reserved 1048576K
}
Event: 398.648 GC heap after
{Heap after GC invocations=90 (full 0):
 garbage-first heap   total 317440K, used 209897K [0x0000000080000000, 0x0000000100000000)
  region size 1024K, 6 young (6144K), 6 survivors (6144K)
 Metaspace       used 132606K, committed 133760K, reserved 1179648K
  class space    used 17788K, committed 18368K, reserved 1048576K
}
Event: 398.896 GC heap before
{Heap before GC invocations=90 (full 0):
 garbage-first heap   total 317440K, used 270313K [0x0000000080000000, 0x0000000100000000)
  region size 1024K, 64 young (65536K), 6 survivors (6144K)
 Metaspace       used 134717K, committed 135936K, reserved 1179648K
  class space    used 18105K, committed 18688K, reserved 1048576K
}
Event: 398.898 GC heap after
{Heap after GC invocations=91 (full 0):
 garbage-first heap   total 317440K, used 211913K [0x0000000080000000, 0x0000000100000000)
  region size 1024K, 2 young (2048K), 2 survivors (2048K)
 Metaspace       used 134717K, committed 135936K, reserved 1179648K
  class space    used 18105K, committed 18688K, reserved 1048576K
}
Event: 399.080 GC heap before
{Heap before GC invocations=91 (full 0):
 garbage-first heap   total 317440K, used 271305K [0x0000000080000000, 0x0000000100000000)
  region size 1024K, 61 young (62464K), 2 survivors (2048K)
 Metaspace       used 136477K, committed 137664K, reserved 1179648K
  class space    used 18344K, committed 18944K, reserved 1048576K
}
Event: 399.089 GC heap after
{Heap after GC invocations=92 (full 0):
 garbage-first heap   total 317440K, used 223078K [0x0000000080000000, 0x0000000100000000)
  region size 1024K, 8 young (8192K), 8 survivors (8192K)
 Metaspace       used 136477K, committed 137664K, reserved 1179648K
  class space    used 18344K, committed 18944K, reserved 1048576K
}
Event: 399.188 GC heap before
{Heap before GC invocations=92 (full 0):
 garbage-first heap   total 317440K, used 269158K [0x0000000080000000, 0x0000000100000000)
  region size 1024K, 53 young (54272K), 8 survivors (8192K)
 Metaspace       used 137362K, committed 138560K, reserved 1179648K
  class space    used 18494K, committed 19072K, reserved 1048576K
}
Event: 399.200 GC heap after
{Heap after GC invocations=93 (full 0):
 garbage-first heap   total 427008K, used 231764K [0x0000000080000000, 0x0000000100000000)
  region size 1024K, 7 young (7168K), 7 survivors (7168K)
 Metaspace       used 137362K, committed 138560K, reserved 1179648K
  class space    used 18494K, committed 19072K, reserved 1048576K
}
Event: 399.473 GC heap before
{Heap before GC invocations=93 (full 0):
 garbage-first heap   total 427008K, used 339284K [0x0000000080000000, 0x0000000100000000)
  region size 1024K, 113 young (115712K), 7 survivors (7168K)
 Metaspace       used 139413K, committed 140608K, reserved 1179648K
  class space    used 18806K, committed 19392K, reserved 1048576K
}
Event: 399.487 GC heap after
{Heap after GC invocations=94 (full 0):
 garbage-first heap   total 427008K, used 248600K [0x0000000080000000, 0x0000000100000000)
  region size 1024K, 15 young (15360K), 15 survivors (15360K)
 Metaspace       used 139413K, committed 140608K, reserved 1179648K
  class space    used 18806K, committed 19392K, reserved 1048576K
}
Event: 399.676 GC heap before
{Heap before GC invocations=94 (full 0):
 garbage-first heap   total 427008K, used 341784K [0x0000000080000000, 0x0000000100000000)
  region size 1024K, 107 young (109568K), 15 survivors (15360K)
 Metaspace       used 141512K, committed 142720K, reserved 1179648K
  class space    used 19128K, committed 19712K, reserved 1048576K
}
Event: 399.704 GC heap after
{Heap after GC invocations=95 (full 0):
 garbage-first heap   total 427008K, used 263556K [0x0000000080000000, 0x0000000100000000)
  region size 1024K, 14 young (14336K), 14 survivors (14336K)
 Metaspace       used 141512K, committed 142720K, reserved 1179648K
  class space    used 19128K, committed 19712K, reserved 1048576K
}
Event: 399.848 GC heap before
{Heap before GC invocations=95 (full 0):
 garbage-first heap   total 427008K, used 346500K [0x0000000080000000, 0x0000000100000000)
  region size 1024K, 96 young (98304K), 14 survivors (14336K)
 Metaspace       used 142565K, committed 143744K, reserved 1179648K
  class space    used 19298K, committed 19904K, reserved 1048576K
}
Event: 399.865 GC heap after
{Heap after GC invocations=96 (full 0):
 garbage-first heap   total 427008K, used 276461K [0x0000000080000000, 0x0000000100000000)
  region size 1024K, 12 young (12288K), 12 survivors (12288K)
 Metaspace       used 142565K, committed 143744K, reserved 1179648K
  class space    used 19298K, committed 19904K, reserved 1048576K
}
Event: 400.068 GC heap before
{Heap before GC invocations=96 (full 0):
 garbage-first heap   total 427008K, used 353261K [0x0000000080000000, 0x0000000100000000)
  region size 1024K, 87 young (89088K), 12 survivors (12288K)
 Metaspace       used 145176K, committed 146368K, reserved 1179648K
  class space    used 19768K, committed 20352K, reserved 1048576K
}

