# JRE version: OpenJDK Runtime Environment (17.0.11) (build 17.0.11+0--11852314)
# Java VM: OpenJDK 64-Bit Server VM (17.0.11+0--11852314, mixed mode, tiered, compressed oops, compressed class ptrs, g1 gc, windows-amd64)
GC Precious Log:
 CPUs: 8 total, 8 available
 Memory: 16225M
 Large Page Support: Disabled
 NUMA Support: Disabled
 Compressed Oops: Enabled (32-bit)
 Heap Region Size: 1M
 Heap Min Capacity: 8M
 Heap Initial Capacity: 254M
 Heap Max Capacity: 2G
 Pre-touch: Disabled
 Parallel Workers: 8
 Concurrent Workers: 2
 Concurrent Refinement Workers: 8
 Periodic GC: Disabled
Heap:
 garbage-first heap   total 301056K, used 239360K [0x0000000080000000, 0x0000000100000000)
  region size 1024K, 4 young (4096K), 1 survivors (1024K)
 Metaspace       used 137723K, committed 138944K, reserved 1179648K
  class space    used 18412K, committed 18944K, reserved 1048576K
GC Heap History (20 events):
Event: 301.086 GC heap before
{Heap before GC invocations=68 (full 0):
 garbage-first heap   total 250880K, used 215913K [0x0000000080000000, 0x0000000100000000)
  region size 1024K, 21 young (21504K), 3 survivors (3072K)
 Metaspace       used 128503K, committed 129664K, reserved 1179648K
  class space    used 17207K, committed 17728K, reserved 1048576K
}
Event: 301.090 GC heap after
{Heap after GC invocations=69 (full 0):
 garbage-first heap   total 250880K, used 200426K [0x0000000080000000, 0x0000000100000000)
  region size 1024K, 2 young (2048K), 2 survivors (2048K)
 Metaspace       used 128503K, committed 129664K, reserved 1179648K
  class space    used 17207K, committed 17728K, reserved 1048576K
}
Event: 301.210 GC heap before
{Heap before GC invocations=69 (full 0):
 garbage-first heap   total 250880K, used 217834K [0x0000000080000000, 0x0000000100000000)
  region size 1024K, 20 young (20480K), 2 survivors (2048K)
 Metaspace       used 128552K, committed 129728K, reserved 1179648K
  class space    used 17214K, committed 17728K, reserved 1048576K
}
Event: 301.213 GC heap after
{Heap after GC invocations=70 (full 0):
 garbage-first heap   total 250880K, used 202062K [0x0000000080000000, 0x0000000100000000)
  region size 1024K, 2 young (2048K), 2 survivors (2048K)
 Metaspace       used 128552K, committed 129728K, reserved 1179648K
  class space    used 17214K, committed 17728K, reserved 1048576K
}
Event: 301.381 GC heap before
{Heap before GC invocations=70 (full 0):
 garbage-first heap   total 250880K, used 217422K [0x0000000080000000, 0x0000000100000000)
  region size 1024K, 18 young (18432K), 2 survivors (2048K)
 Metaspace       used 128634K, committed 129792K, reserved 1179648K
  class space    used 17215K, committed 17728K, reserved 1048576K
}
Event: 301.386 GC heap after
{Heap after GC invocations=71 (full 0):
 garbage-first heap   total 301056K, used 205663K [0x0000000080000000, 0x0000000100000000)
  region size 1024K, 3 young (3072K), 3 survivors (3072K)
 Metaspace       used 128634K, committed 129792K, reserved 1179648K
  class space    used 17215K, committed 17728K, reserved 1048576K
}
Event: 302.043 GC heap before
{Heap before GC invocations=71 (full 0):
 garbage-first heap   total 301056K, used 246623K [0x0000000080000000, 0x0000000100000000)
  region size 1024K, 44 young (45056K), 3 survivors (3072K)
 Metaspace       used 131130K, committed 132288K, reserved 1179648K
  class space    used 17535K, committed 18048K, reserved 1048576K
}
Event: 302.047 GC heap after
{Heap after GC invocations=72 (full 0):
 garbage-first heap   total 301056K, used 208263K [0x0000000080000000, 0x0000000100000000)
  region size 1024K, 6 young (6144K), 6 survivors (6144K)
 Metaspace       used 131130K, committed 132288K, reserved 1179648K
  class space    used 17535K, committed 18048K, reserved 1048576K
}
Event: 302.528 GC heap before
{Heap before GC invocations=72 (full 0):
 garbage-first heap   total 301056K, used 250247K [0x0000000080000000, 0x0000000100000000)
  region size 1024K, 47 young (48128K), 6 survivors (6144K)
 Metaspace       used 134432K, committed 135616K, reserved 1179648K
  class space    used 17985K, committed 18496K, reserved 1048576K
}
Event: 302.534 GC heap after
{Heap after GC invocations=73 (full 0):
 garbage-first heap   total 301056K, used 211851K [0x0000000080000000, 0x0000000100000000)
  region size 1024K, 6 young (6144K), 6 survivors (6144K)
 Metaspace       used 134432K, committed 135616K, reserved 1179648K
  class space    used 17985K, committed 18496K, reserved 1048576K
}
Event: 305.128 GC heap before
{Heap before GC invocations=73 (full 0):
 garbage-first heap   total 301056K, used 251787K [0x0000000080000000, 0x0000000100000000)
  region size 1024K, 46 young (47104K), 6 survivors (6144K)
 Metaspace       used 135930K, committed 137088K, reserved 1179648K
  class space    used 18173K, committed 18688K, reserved 1048576K
}
Event: 305.136 GC heap after
{Heap after GC invocations=74 (full 0):
 garbage-first heap   total 301056K, used 217432K [0x0000000080000000, 0x0000000100000000)
  region size 1024K, 6 young (6144K), 6 survivors (6144K)
 Metaspace       used 135930K, committed 137088K, reserved 1179648K
  class space    used 18173K, committed 18688K, reserved 1048576K
}
Event: 305.876 GC heap before
{Heap before GC invocations=74 (full 0):
 garbage-first heap   total 301056K, used 253272K [0x0000000080000000, 0x0000000100000000)
  region size 1024K, 42 young (43008K), 6 survivors (6144K)
 Metaspace       used 137131K, committed 138368K, reserved 1179648K
  class space    used 18327K, committed 18880K, reserved 1048576K
}
Event: 305.880 GC heap after
{Heap after GC invocations=75 (full 0):
 garbage-first heap   total 301056K, used 217738K [0x0000000080000000, 0x0000000100000000)
  region size 1024K, 2 young (2048K), 2 survivors (2048K)
 Metaspace       used 137131K, committed 138368K, reserved 1179648K
  class space    used 18327K, committed 18880K, reserved 1048576K
}
Event: 305.978 GC heap before
{Heap before GC invocations=75 (full 0):
 garbage-first heap   total 301056K, used 244362K [0x0000000080000000, 0x0000000100000000)
  region size 1024K, 6 young (6144K), 2 survivors (2048K)
 Metaspace       used 137489K, committed 138688K, reserved 1179648K
  class space    used 18378K, committed 18944K, reserved 1048576K
}
Event: 305.980 GC heap after
{Heap after GC invocations=76 (full 0):
 garbage-first heap   total 301056K, used 238426K [0x0000000080000000, 0x0000000100000000)
  region size 1024K, 2 young (2048K), 2 survivors (2048K)
 Metaspace       used 137489K, committed 138688K, reserved 1179648K
  class space    used 18378K, committed 18944K, reserved 1048576K
}
Event: 305.994 GC heap before
{Heap before GC invocations=76 (full 0):
 garbage-first heap   total 301056K, used 250714K [0x0000000080000000, 0x0000000100000000)
  region size 1024K, 3 young (3072K), 2 survivors (2048K)
 Metaspace       used 137489K, committed 138688K, reserved 1179648K
  class space    used 18378K, committed 18944K, reserved 1048576K
}
Event: 305.996 GC heap after
{Heap after GC invocations=77 (full 0):
 garbage-first heap   total 301056K, used 242546K [0x0000000080000000, 0x0000000100000000)
  region size 1024K, 1 young (1024K), 1 survivors (1024K)
 Metaspace       used 137489K, committed 138688K, reserved 1179648K
  class space    used 18378K, committed 18944K, reserved 1048576K
}
Event: 306.009 GC heap before
{Heap before GC invocations=77 (full 0):
 garbage-first heap   total 301056K, used 246642K [0x0000000080000000, 0x0000000100000000)
  region size 1024K, 2 young (2048K), 1 survivors (1024K)
 Metaspace       used 137489K, committed 138688K, reserved 1179648K
  class space    used 18378K, committed 18944K, reserved 1048576K
}
Event: 306.011 GC heap after
{Heap after GC invocations=78 (full 0):
 garbage-first heap   total 301056K, used 240384K [0x0000000080000000, 0x0000000100000000)
  region size 1024K, 1 young (1024K), 1 survivors (1024K)
 Metaspace       used 137489K, committed 138688K, reserved 1179648K
  class space    used 18378K, committed 18944K, reserved 1048576K
}

