# JRE version: OpenJDK Runtime Environment (17.0.11) (build 17.0.11+0--11852314)
# Java VM: OpenJDK 64-Bit Server VM (17.0.11+0--11852314, mixed mode, tiered, compressed oops, compressed class ptrs, g1 gc, windows-amd64)
GC Precious Log:
 CPUs: 8 total, 8 available
 Memory: 16225M
 Large Page Support: Disabled
 NUMA Support: Disabled
 Compressed Oops: Enabled (32-bit)
 Heap Region Size: 1M
 Heap Min Capacity: 8M
 Heap Initial Capacity: 254M
 Heap Max Capacity: 2G
 Pre-touch: Disabled
 Parallel Workers: 8
 Concurrent Workers: 2
 Concurrent Refinement Workers: 8
 Periodic GC: Disabled
Heap:
 garbage-first heap   total 94208K, used 52283K [0x0000000080000000, 0x0000000100000000)
  region size 1024K, 2 young (2048K), 2 survivors (2048K)
 Metaspace       used 61036K, committed 61568K, reserved 1114112K
  class space    used 8252K, committed 8512K, reserved 1048576K
GC Heap History (20 events):
Event: 4.558 GC heap after
{Heap after GC invocations=12 (full 0):
 garbage-first heap   total 71680K, used 33251K [0x0000000080000000, 0x0000000100000000)
  region size 1024K, 3 young (3072K), 3 survivors (3072K)
 Metaspace       used 45670K, committed 46080K, reserved 1114112K
  class space    used 6034K, committed 6208K, reserved 1048576K
}
Event: 4.933 GC heap before
{Heap before GC invocations=12 (full 0):
 garbage-first heap   total 71680K, used 55779K [0x0000000080000000, 0x0000000100000000)
  region size 1024K, 25 young (25600K), 3 survivors (3072K)
 Metaspace       used 48727K, committed 49088K, reserved 1114112K
  class space    used 6510K, committed 6656K, reserved 1048576K
}
Event: 4.940 GC heap after
{Heap after GC invocations=13 (full 0):
 garbage-first heap   total 71680K, used 34094K [0x0000000080000000, 0x0000000100000000)
  region size 1024K, 1 young (1024K), 1 survivors (1024K)
 Metaspace       used 48727K, committed 49088K, reserved 1114112K
  class space    used 6510K, committed 6656K, reserved 1048576K
}
Event: 5.394 GC heap before
{Heap before GC invocations=13 (full 0):
 garbage-first heap   total 71680K, used 56622K [0x0000000080000000, 0x0000000100000000)
  region size 1024K, 23 young (23552K), 1 survivors (1024K)
 Metaspace       used 51564K, committed 51968K, reserved 1114112K
  class space    used 7014K, committed 7232K, reserved 1048576K
}
Event: 5.397 GC heap after
{Heap after GC invocations=14 (full 0):
 garbage-first heap   total 86016K, used 35166K [0x0000000080000000, 0x0000000100000000)
  region size 1024K, 2 young (2048K), 2 survivors (2048K)
 Metaspace       used 51564K, committed 51968K, reserved 1114112K
  class space    used 7014K, committed 7232K, reserved 1048576K
}
Event: 5.929 GC heap before
{Heap before GC invocations=15 (full 0):
 garbage-first heap   total 86016K, used 68958K [0x0000000080000000, 0x0000000100000000)
  region size 1024K, 34 young (34816K), 2 survivors (2048K)
 Metaspace       used 55524K, committed 56064K, reserved 1114112K
  class space    used 7553K, committed 7808K, reserved 1048576K
}
Event: 5.932 GC heap after
{Heap after GC invocations=16 (full 0):
 garbage-first heap   total 86016K, used 37268K [0x0000000080000000, 0x0000000100000000)
  region size 1024K, 5 young (5120K), 5 survivors (5120K)
 Metaspace       used 55524K, committed 56064K, reserved 1114112K
  class space    used 7553K, committed 7808K, reserved 1048576K
}
Event: 6.498 GC heap before
{Heap before GC invocations=16 (full 0):
 garbage-first heap   total 86016K, used 70036K [0x0000000080000000, 0x0000000100000000)
  region size 1024K, 34 young (34816K), 5 survivors (5120K)
 Metaspace       used 56556K, committed 57088K, reserved 1114112K
  class space    used 7634K, committed 7872K, reserved 1048576K
}
Event: 6.503 GC heap after
{Heap after GC invocations=17 (full 0):
 garbage-first heap   total 86016K, used 46574K [0x0000000080000000, 0x0000000100000000)
  region size 1024K, 5 young (5120K), 5 survivors (5120K)
 Metaspace       used 56556K, committed 57088K, reserved 1114112K
  class space    used 7634K, committed 7872K, reserved 1048576K
}
Event: 6.541 GC heap before
{Heap before GC invocations=17 (full 0):
 garbage-first heap   total 86016K, used 47598K [0x0000000080000000, 0x0000000100000000)
  region size 1024K, 7 young (7168K), 5 survivors (5120K)
 Metaspace       used 56578K, committed 57088K, reserved 1114112K
  class space    used 7635K, committed 7872K, reserved 1048576K
}
Event: 6.544 GC heap after
{Heap after GC invocations=18 (full 0):
 garbage-first heap   total 86016K, used 48022K [0x0000000080000000, 0x0000000100000000)
  region size 1024K, 1 young (1024K), 1 survivors (1024K)
 Metaspace       used 56578K, committed 57088K, reserved 1114112K
  class space    used 7635K, committed 7872K, reserved 1048576K
}
Event: 6.783 GC heap before
{Heap before GC invocations=19 (full 0):
 garbage-first heap   total 86016K, used 63382K [0x0000000080000000, 0x0000000100000000)
  region size 1024K, 16 young (16384K), 1 survivors (1024K)
 Metaspace       used 57695K, committed 58240K, reserved 1114112K
  class space    used 7799K, committed 8064K, reserved 1048576K
}
Event: 6.793 GC heap after
{Heap after GC invocations=20 (full 0):
 garbage-first heap   total 86016K, used 49919K [0x0000000080000000, 0x0000000100000000)
  region size 1024K, 2 young (2048K), 2 survivors (2048K)
 Metaspace       used 57695K, committed 58240K, reserved 1114112K
  class space    used 7799K, committed 8064K, reserved 1048576K
}
Event: 6.806 GC heap before
{Heap before GC invocations=20 (full 0):
 garbage-first heap   total 86016K, used 50943K [0x0000000080000000, 0x0000000100000000)
  region size 1024K, 4 young (4096K), 2 survivors (2048K)
 Metaspace       used 57799K, committed 58368K, reserved 1114112K
  class space    used 7804K, committed 8064K, reserved 1048576K
}
Event: 6.808 GC heap after
{Heap after GC invocations=21 (full 0):
 garbage-first heap   total 86016K, used 50004K [0x0000000080000000, 0x0000000100000000)
  region size 1024K, 2 young (2048K), 2 survivors (2048K)
 Metaspace       used 57799K, committed 58368K, reserved 1114112K
  class space    used 7804K, committed 8064K, reserved 1048576K
}
Event: 6.981 GC heap before
{Heap before GC invocations=22 (full 0):
 garbage-first heap   total 94208K, used 66388K [0x0000000080000000, 0x0000000100000000)
  region size 1024K, 17 young (17408K), 2 survivors (2048K)
 Metaspace       used 58979K, committed 59584K, reserved 1114112K
  class space    used 7965K, committed 8256K, reserved 1048576K
}
Event: 6.987 GC heap after
{Heap after GC invocations=23 (full 0):
 garbage-first heap   total 94208K, used 51606K [0x0000000080000000, 0x0000000100000000)
  region size 1024K, 2 young (2048K), 2 survivors (2048K)
 Metaspace       used 58979K, committed 59584K, reserved 1114112K
  class space    used 7965K, committed 8256K, reserved 1048576K
}
Event: 7.011 GC heap before
{Heap before GC invocations=23 (full 0):
 garbage-first heap   total 94208K, used 52630K [0x0000000080000000, 0x0000000100000000)
  region size 1024K, 4 young (4096K), 2 survivors (2048K)
 Metaspace       used 59123K, committed 59712K, reserved 1114112K
  class space    used 7994K, committed 8256K, reserved 1048576K
}
Event: 7.012 GC heap after
{Heap after GC invocations=24 (full 0):
 garbage-first heap   total 94208K, used 51584K [0x0000000080000000, 0x0000000100000000)
  region size 1024K, 1 young (1024K), 1 survivors (1024K)
 Metaspace       used 59123K, committed 59712K, reserved 1114112K
  class space    used 7994K, committed 8256K, reserved 1048576K
}
Event: 7.223 GC heap before
{Heap before GC invocations=24 (full 0):
 garbage-first heap   total 94208K, used 72064K [0x0000000080000000, 0x0000000100000000)
  region size 1024K, 22 young (22528K), 1 survivors (1024K)
 Metaspace       used 61036K, committed 61568K, reserved 1114112K
  class space    used 8252K, committed 8512K, reserved 1048576K
}

