# JRE version: OpenJDK Runtime Environment (17.0.11) (build 17.0.11+0--11852314)
# Java VM: OpenJDK 64-Bit Server VM (17.0.11+0--11852314, mixed mode, tiered, compressed oops, compressed class ptrs, g1 gc, windows-amd64)
GC Precious Log:
 CPUs: 8 total, 8 available
 Memory: 16225M
 Large Page Support: Disabled
 NUMA Support: Disabled
 Compressed Oops: Enabled (32-bit)
 Heap Region Size: 1M
 Heap Min Capacity: 8M
 Heap Initial Capacity: 254M
 Heap Max Capacity: 2G
 Pre-touch: Disabled
 Parallel Workers: 8
 Concurrent Workers: 2
 Concurrent Refinement Workers: 8
 Periodic GC: Disabled
Heap:
 garbage-first heap   total 457728K, used 265633K [0x0000000080000000, 0x0000000100000000)
  region size 1024K, 3 young (3072K), 3 survivors (3072K)
 Metaspace       used 144836K, committed 145984K, reserved 1179648K
  class space    used 19867K, committed 20416K, reserved 1048576K
GC Heap History (20 events):
Event: 19.673 GC heap after
{Heap after GC invocations=46 (full 0):
 garbage-first heap   total 268288K, used 154561K [0x0000000080000000, 0x0000000100000000)
  region size 1024K, 2 young (2048K), 2 survivors (2048K)
 Metaspace       used 126365K, committed 127424K, reserved 1179648K
  class space    used 17137K, committed 17664K, reserved 1048576K
}
Event: 20.000 GC heap before
{Heap before GC invocations=46 (full 0):
 garbage-first heap   total 268288K, used 221121K [0x0000000080000000, 0x0000000100000000)
  region size 1024K, 68 young (69632K), 2 survivors (2048K)
 Metaspace       used 127878K, committed 128960K, reserved 1179648K
  class space    used 17323K, committed 17856K, reserved 1048576K
}
Event: 20.004 GC heap after
{Heap after GC invocations=47 (full 0):
 garbage-first heap   total 322560K, used 158220K [0x0000000080000000, 0x0000000100000000)
  region size 1024K, 5 young (5120K), 5 survivors (5120K)
 Metaspace       used 127878K, committed 128960K, reserved 1179648K
  class space    used 17323K, committed 17856K, reserved 1048576K
}
Event: 20.226 GC heap before
{Heap before GC invocations=47 (full 0):
 garbage-first heap   total 322560K, used 263692K [0x0000000080000000, 0x0000000100000000)
  region size 1024K, 109 young (111616K), 5 survivors (5120K)
 Metaspace       used 130084K, committed 131136K, reserved 1179648K
  class space    used 17636K, committed 18176K, reserved 1048576K
}
Event: 20.233 GC heap after
{Heap after GC invocations=48 (full 0):
 garbage-first heap   total 322560K, used 175587K [0x0000000080000000, 0x0000000100000000)
  region size 1024K, 14 young (14336K), 14 survivors (14336K)
 Metaspace       used 130084K, committed 131136K, reserved 1179648K
  class space    used 17636K, committed 18176K, reserved 1048576K
}
Event: 20.462 GC heap before
{Heap before GC invocations=48 (full 0):
 garbage-first heap   total 322560K, used 260579K [0x0000000080000000, 0x0000000100000000)
  region size 1024K, 98 young (100352K), 14 survivors (14336K)
 Metaspace       used 133254K, committed 134336K, reserved 1179648K
  class space    used 18125K, committed 18688K, reserved 1048576K
}
Event: 20.472 GC heap after
{Heap after GC invocations=49 (full 0):
 garbage-first heap   total 322560K, used 186532K [0x0000000080000000, 0x0000000100000000)
  region size 1024K, 11 young (11264K), 11 survivors (11264K)
 Metaspace       used 133254K, committed 134336K, reserved 1179648K
  class space    used 18125K, committed 18688K, reserved 1048576K
}
Event: 20.679 GC heap before
{Heap before GC invocations=49 (full 0):
 garbage-first heap   total 322560K, used 263332K [0x0000000080000000, 0x0000000100000000)
  region size 1024K, 87 young (89088K), 11 survivors (11264K)
 Metaspace       used 135674K, committed 136704K, reserved 1179648K
  class space    used 18473K, committed 19008K, reserved 1048576K
}
Event: 20.691 GC heap after
{Heap after GC invocations=50 (full 0):
 garbage-first heap   total 322560K, used 199195K [0x0000000080000000, 0x0000000100000000)
  region size 1024K, 11 young (11264K), 11 survivors (11264K)
 Metaspace       used 135674K, committed 136704K, reserved 1179648K
  class space    used 18473K, committed 19008K, reserved 1048576K
}
Event: 20.806 GC heap before
{Heap before GC invocations=50 (full 0):
 garbage-first heap   total 322560K, used 264731K [0x0000000080000000, 0x0000000100000000)
  region size 1024K, 76 young (77824K), 11 survivors (11264K)
 Metaspace       used 136741K, committed 137856K, reserved 1179648K
  class space    used 18635K, committed 19200K, reserved 1048576K
}
Event: 20.818 GC heap after
{Heap after GC invocations=51 (full 0):
 garbage-first heap   total 322560K, used 209432K [0x0000000080000000, 0x0000000100000000)
  region size 1024K, 10 young (10240K), 10 survivors (10240K)
 Metaspace       used 136741K, committed 137856K, reserved 1179648K
  class space    used 18635K, committed 19200K, reserved 1048576K
}
Event: 20.878 GC heap before
{Heap before GC invocations=51 (full 0):
 garbage-first heap   total 322560K, used 267800K [0x0000000080000000, 0x0000000100000000)
  region size 1024K, 68 young (69632K), 10 survivors (10240K)
 Metaspace       used 137273K, committed 138304K, reserved 1179648K
  class space    used 18693K, committed 19200K, reserved 1048576K
}
Event: 20.893 GC heap after
{Heap after GC invocations=52 (full 0):
 garbage-first heap   total 457728K, used 217318K [0x0000000080000000, 0x0000000100000000)
  region size 1024K, 8 young (8192K), 8 survivors (8192K)
 Metaspace       used 137273K, committed 138304K, reserved 1179648K
  class space    used 18693K, committed 19200K, reserved 1048576K
}
Event: 21.074 GC heap before
{Heap before GC invocations=52 (full 0):
 garbage-first heap   total 457728K, used 361702K [0x0000000080000000, 0x0000000100000000)
  region size 1024K, 150 young (153600K), 8 survivors (8192K)
 Metaspace       used 139469K, committed 140480K, reserved 1179648K
  class space    used 19016K, committed 19520K, reserved 1048576K
}
Event: 21.088 GC heap after
{Heap after GC invocations=53 (full 0):
 garbage-first heap   total 457728K, used 232669K [0x0000000080000000, 0x0000000100000000)
  region size 1024K, 19 young (19456K), 19 survivors (19456K)
 Metaspace       used 139469K, committed 140480K, reserved 1179648K
  class space    used 19016K, committed 19520K, reserved 1048576K
}
Event: 21.246 GC heap before
{Heap before GC invocations=53 (full 0):
 garbage-first heap   total 457728K, used 366813K [0x0000000080000000, 0x0000000100000000)
  region size 1024K, 149 young (152576K), 19 survivors (19456K)
 Metaspace       used 141716K, committed 142784K, reserved 1179648K
  class space    used 19388K, committed 19904K, reserved 1048576K
}
Event: 21.266 GC heap after
{Heap after GC invocations=54 (full 0):
 garbage-first heap   total 457728K, used 251631K [0x0000000080000000, 0x0000000100000000)
  region size 1024K, 19 young (19456K), 19 survivors (19456K)
 Metaspace       used 141716K, committed 142784K, reserved 1179648K
  class space    used 19388K, committed 19904K, reserved 1048576K
}
Event: 21.626 GC heap before
{Heap before GC invocations=54 (full 0):
 garbage-first heap   total 457728K, used 370415K [0x0000000080000000, 0x0000000100000000)
  region size 1024K, 136 young (139264K), 19 survivors (19456K)
 Metaspace       used 144190K, committed 145280K, reserved 1179648K
  class space    used 19777K, committed 20288K, reserved 1048576K
}
Event: 21.645 GC heap after
{Heap after GC invocations=55 (full 0):
 garbage-first heap   total 457728K, used 262902K [0x0000000080000000, 0x0000000100000000)
  region size 1024K, 11 young (11264K), 11 survivors (11264K)
 Metaspace       used 144190K, committed 145280K, reserved 1179648K
  class space    used 19777K, committed 20288K, reserved 1048576K
}
Event: 21.957 GC heap before
{Heap before GC invocations=55 (full 0):
 garbage-first heap   total 457728K, used 376566K [0x0000000080000000, 0x0000000100000000)
  region size 1024K, 122 young (124928K), 11 survivors (11264K)
 Metaspace       used 144836K, committed 145984K, reserved 1179648K
  class space    used 19867K, committed 20416K, reserved 1048576K
}

