# JRE version: OpenJDK Runtime Environment (17.0.11) (build 17.0.11+0--11852314)
# Java VM: OpenJDK 64-Bit Server VM (17.0.11+0--11852314, mixed mode, tiered, compressed oops, compressed class ptrs, g1 gc, windows-amd64)
GC Precious Log:
 CPUs: 8 total, 8 available
 Memory: 16225M
 Large Page Support: Disabled
 NUMA Support: Disabled
 Compressed Oops: Enabled (32-bit)
 Heap Region Size: 1M
 Heap Min Capacity: 8M
 Heap Initial Capacity: 254M
 Heap Max Capacity: 2G
 Pre-touch: Disabled
 Parallel Workers: 8
 Concurrent Workers: 2
 Concurrent Refinement Workers: 8
 Periodic GC: Disabled
Heap:
 garbage-first heap   total 362496K, used 195584K [0x0000000080000000, 0x0000000100000000)
  region size 1024K, 14 young (14336K), 14 survivors (14336K)
 Metaspace       used 114441K, committed 115200K, reserved 1179648K
  class space    used 16073K, committed 16448K, reserved 1048576K
GC Heap History (20 events):
Event: 9.791 GC heap after
{Heap after GC invocations=37 (full 0):
 garbage-first heap   total 181248K, used 85129K [0x0000000080000000, 0x0000000100000000)
  region size 1024K, 1 young (1024K), 1 survivors (1024K)
 Metaspace       used 93766K, committed 94592K, reserved 1179648K
  class space    used 13261K, committed 13632K, reserved 1048576K
}
Event: 10.271 GC heap before
{Heap before GC invocations=37 (full 0):
 garbage-first heap   total 181248K, used 142473K [0x0000000080000000, 0x0000000100000000)
  region size 1024K, 58 young (59392K), 1 survivors (1024K)
 Metaspace       used 94488K, committed 95296K, reserved 1179648K
  class space    used 13307K, committed 13696K, reserved 1048576K
}
Event: 10.274 GC heap after
{Heap after GC invocations=38 (full 0):
 garbage-first heap   total 181248K, used 88889K [0x0000000080000000, 0x0000000100000000)
  region size 1024K, 5 young (5120K), 5 survivors (5120K)
 Metaspace       used 94488K, committed 95296K, reserved 1179648K
  class space    used 13307K, committed 13696K, reserved 1048576K
}
Event: 10.666 GC heap before
{Heap before GC invocations=39 (full 0):
 garbage-first heap   total 181248K, used 149305K [0x0000000080000000, 0x0000000100000000)
  region size 1024K, 60 young (61440K), 5 survivors (5120K)
 Metaspace       used 96391K, committed 97216K, reserved 1179648K
  class space    used 13465K, committed 13888K, reserved 1048576K
}
Event: 10.672 GC heap after
{Heap after GC invocations=40 (full 0):
 garbage-first heap   total 181248K, used 92825K [0x0000000080000000, 0x0000000100000000)
  region size 1024K, 4 young (4096K), 4 survivors (4096K)
 Metaspace       used 96391K, committed 97216K, reserved 1179648K
  class space    used 13465K, committed 13888K, reserved 1048576K
}
Event: 10.696 GC heap before
{Heap before GC invocations=40 (full 0):
 garbage-first heap   total 181248K, used 95897K [0x0000000080000000, 0x0000000100000000)
  region size 1024K, 8 young (8192K), 4 survivors (4096K)
 Metaspace       used 96542K, committed 97344K, reserved 1179648K
  class space    used 13486K, committed 13888K, reserved 1048576K
}
Event: 10.699 GC heap after
{Heap after GC invocations=41 (full 0):
 garbage-first heap   total 181248K, used 93332K [0x0000000080000000, 0x0000000100000000)
  region size 1024K, 1 young (1024K), 1 survivors (1024K)
 Metaspace       used 96542K, committed 97344K, reserved 1179648K
  class space    used 13486K, committed 13888K, reserved 1048576K
}
Event: 10.988 GC heap before
{Heap before GC invocations=41 (full 0):
 garbage-first heap   total 181248K, used 146580K [0x0000000080000000, 0x0000000100000000)
  region size 1024K, 54 young (55296K), 1 survivors (1024K)
 Metaspace       used 98617K, committed 99456K, reserved 1179648K
  class space    used 13789K, committed 14208K, reserved 1048576K
}
Event: 10.995 GC heap after
{Heap after GC invocations=42 (full 0):
 garbage-first heap   total 362496K, used 95777K [0x0000000080000000, 0x0000000100000000)
  region size 1024K, 4 young (4096K), 4 survivors (4096K)
 Metaspace       used 98617K, committed 99456K, reserved 1179648K
  class space    used 13789K, committed 14208K, reserved 1048576K
}
Event: 11.686 GC heap before
{Heap before GC invocations=43 (full 0):
 garbage-first heap   total 362496K, used 274977K [0x0000000080000000, 0x0000000100000000)
  region size 1024K, 180 young (184320K), 4 survivors (4096K)
 Metaspace       used 105062K, committed 105856K, reserved 1179648K
  class space    used 14692K, committed 15040K, reserved 1048576K
}
Event: 11.697 GC heap after
{Heap after GC invocations=44 (full 0):
 garbage-first heap   total 362496K, used 119204K [0x0000000080000000, 0x0000000100000000)
  region size 1024K, 23 young (23552K), 23 survivors (23552K)
 Metaspace       used 105062K, committed 105856K, reserved 1179648K
  class space    used 14692K, committed 15040K, reserved 1048576K
}
Event: 11.704 GC heap before
{Heap before GC invocations=44 (full 0):
 garbage-first heap   total 362496K, used 120228K [0x0000000080000000, 0x0000000100000000)
  region size 1024K, 24 young (24576K), 23 survivors (23552K)
 Metaspace       used 105114K, committed 105920K, reserved 1179648K
  class space    used 14696K, committed 15040K, reserved 1048576K
}
Event: 11.714 GC heap after
{Heap after GC invocations=45 (full 0):
 garbage-first heap   total 362496K, used 120617K [0x0000000080000000, 0x0000000100000000)
  region size 1024K, 2 young (2048K), 2 survivors (2048K)
 Metaspace       used 105114K, committed 105920K, reserved 1179648K
  class space    used 14696K, committed 15040K, reserved 1048576K
}
Event: 12.253 GC heap before
{Heap before GC invocations=45 (full 0):
 garbage-first heap   total 362496K, used 250665K [0x0000000080000000, 0x0000000100000000)
  region size 1024K, 130 young (133120K), 2 survivors (2048K)
 Metaspace       used 109170K, committed 109952K, reserved 1179648K
  class space    used 15302K, committed 15680K, reserved 1048576K
}
Event: 12.272 GC heap after
{Heap after GC invocations=46 (full 0):
 garbage-first heap   total 362496K, used 142092K [0x0000000080000000, 0x0000000100000000)
  region size 1024K, 17 young (17408K), 17 survivors (17408K)
 Metaspace       used 109170K, committed 109952K, reserved 1179648K
  class space    used 15302K, committed 15680K, reserved 1048576K
}
Event: 12.636 GC heap before
{Heap before GC invocations=46 (full 0):
 garbage-first heap   total 362496K, used 261900K [0x0000000080000000, 0x0000000100000000)
  region size 1024K, 135 young (138240K), 17 survivors (17408K)
 Metaspace       used 111184K, committed 111936K, reserved 1179648K
  class space    used 15582K, committed 15936K, reserved 1048576K
}
Event: 12.660 GC heap after
{Heap after GC invocations=47 (full 0):
 garbage-first heap   total 362496K, used 160768K [0x0000000080000000, 0x0000000100000000)
  region size 1024K, 17 young (17408K), 17 survivors (17408K)
 Metaspace       used 111184K, committed 111936K, reserved 1179648K
  class space    used 15582K, committed 15936K, reserved 1048576K
}
Event: 12.855 GC heap before
{Heap before GC invocations=47 (full 0):
 garbage-first heap   total 362496K, used 272384K [0x0000000080000000, 0x0000000100000000)
  region size 1024K, 127 young (130048K), 17 survivors (17408K)
 Metaspace       used 112301K, committed 113088K, reserved 1179648K
  class space    used 15728K, committed 16128K, reserved 1048576K
}
Event: 12.877 GC heap after
{Heap after GC invocations=48 (full 0):
 garbage-first heap   total 362496K, used 179578K [0x0000000080000000, 0x0000000100000000)
  region size 1024K, 16 young (16384K), 16 survivors (16384K)
 Metaspace       used 112301K, committed 113088K, reserved 1179648K
  class space    used 15728K, committed 16128K, reserved 1048576K
}
Event: 13.131 GC heap before
{Heap before GC invocations=48 (full 0):
 garbage-first heap   total 362496K, used 281978K [0x0000000080000000, 0x0000000100000000)
  region size 1024K, 117 young (119808K), 16 survivors (16384K)
 Metaspace       used 114441K, committed 115200K, reserved 1179648K
  class space    used 16073K, committed 16448K, reserved 1048576K
}

