# JRE version: OpenJDK Runtime Environment (17.0.11) (build 17.0.11+0--11852314)
# Java VM: OpenJDK 64-Bit Server VM (17.0.11+0--11852314, mixed mode, tiered, compressed oops, compressed class ptrs, g1 gc, windows-amd64)
GC Precious Log:
 CPUs: 8 total, 8 available
 Memory: 16225M
 Large Page Support: Disabled
 NUMA Support: Disabled
 Compressed Oops: Enabled (32-bit)
 Heap Region Size: 1M
 Heap Min Capacity: 8M
 Heap Initial Capacity: 254M
 Heap Max Capacity: 2G
 Pre-touch: Disabled
 Parallel Workers: 8
 Concurrent Workers: 2
 Concurrent Refinement Workers: 8
 Periodic GC: Disabled
Heap:
 garbage-first heap   total 503808K, used 262085K [0x0000000080000000, 0x0000000100000000)
  region size 1024K, 10 young (10240K), 10 survivors (10240K)
 Metaspace       used 139112K, committed 140224K, reserved 1179648K
  class space    used 19061K, committed 19584K, reserved 1048576K
GC Heap History (20 events):
Event: 14.594 GC heap after
{Heap after GC invocations=47 (full 0):
 garbage-first heap   total 239616K, used 162418K [0x0000000080000000, 0x0000000100000000)
  region size 1024K, 7 young (7168K), 7 survivors (7168K)
 Metaspace       used 122932K, committed 124032K, reserved 1179648K
  class space    used 16683K, committed 17216K, reserved 1048576K
}
Event: 14.643 GC heap before
{Heap before GC invocations=47 (full 0):
 garbage-first heap   total 239616K, used 201330K [0x0000000080000000, 0x0000000100000000)
  region size 1024K, 46 young (47104K), 7 survivors (7168K)
 Metaspace       used 123192K, committed 124224K, reserved 1179648K
  class space    used 16717K, committed 17216K, reserved 1048576K
}
Event: 14.648 GC heap after
{Heap after GC invocations=48 (full 0):
 garbage-first heap   total 287744K, used 170194K [0x0000000080000000, 0x0000000100000000)
  region size 1024K, 6 young (6144K), 6 survivors (6144K)
 Metaspace       used 123192K, committed 124224K, reserved 1179648K
  class space    used 16717K, committed 17216K, reserved 1048576K
}
Event: 14.865 GC heap before
{Heap before GC invocations=48 (full 0):
 garbage-first heap   total 287744K, used 233682K [0x0000000080000000, 0x0000000100000000)
  region size 1024K, 69 young (70656K), 6 survivors (6144K)
 Metaspace       used 125488K, committed 126592K, reserved 1179648K
  class space    used 17069K, committed 17536K, reserved 1048576K
}
Event: 14.870 GC heap after
{Heap after GC invocations=49 (full 0):
 garbage-first heap   total 287744K, used 179004K [0x0000000080000000, 0x0000000100000000)
  region size 1024K, 8 young (8192K), 8 survivors (8192K)
 Metaspace       used 125488K, committed 126592K, reserved 1179648K
  class space    used 17069K, committed 17536K, reserved 1048576K
}
Event: 15.026 GC heap before
{Heap before GC invocations=49 (full 0):
 garbage-first heap   total 287744K, used 236348K [0x0000000080000000, 0x0000000100000000)
  region size 1024K, 65 young (66560K), 8 survivors (8192K)
 Metaspace       used 127795K, committed 128896K, reserved 1179648K
  class space    used 17404K, committed 17920K, reserved 1048576K
}
Event: 15.034 GC heap after
{Heap after GC invocations=50 (full 0):
 garbage-first heap   total 287744K, used 188226K [0x0000000080000000, 0x0000000100000000)
  region size 1024K, 9 young (9216K), 9 survivors (9216K)
 Metaspace       used 127795K, committed 128896K, reserved 1179648K
  class space    used 17404K, committed 17920K, reserved 1048576K
}
Event: 15.148 GC heap before
{Heap before GC invocations=50 (full 0):
 garbage-first heap   total 287744K, used 238402K [0x0000000080000000, 0x0000000100000000)
  region size 1024K, 59 young (60416K), 9 survivors (9216K)
 Metaspace       used 129637K, committed 130752K, reserved 1179648K
  class space    used 17656K, committed 18176K, reserved 1048576K
}
Event: 15.158 GC heap after
{Heap after GC invocations=51 (full 0):
 garbage-first heap   total 287744K, used 195929K [0x0000000080000000, 0x0000000100000000)
  region size 1024K, 8 young (8192K), 8 survivors (8192K)
 Metaspace       used 129637K, committed 130752K, reserved 1179648K
  class space    used 17656K, committed 18176K, reserved 1048576K
}
Event: 15.253 GC heap before
{Heap before GC invocations=51 (full 0):
 garbage-first heap   total 287744K, used 238937K [0x0000000080000000, 0x0000000100000000)
  region size 1024K, 51 young (52224K), 8 survivors (8192K)
 Metaspace       used 131011K, committed 132160K, reserved 1179648K
  class space    used 17841K, committed 18368K, reserved 1048576K
}
Event: 15.264 GC heap after
{Heap after GC invocations=52 (full 0):
 garbage-first heap   total 287744K, used 203294K [0x0000000080000000, 0x0000000100000000)
  region size 1024K, 7 young (7168K), 7 survivors (7168K)
 Metaspace       used 131011K, committed 132160K, reserved 1179648K
  class space    used 17841K, committed 18368K, reserved 1048576K
}
Event: 15.320 GC heap before
{Heap before GC invocations=52 (full 0):
 garbage-first heap   total 287744K, used 242206K [0x0000000080000000, 0x0000000100000000)
  region size 1024K, 45 young (46080K), 7 survivors (7168K)
 Metaspace       used 131473K, committed 132544K, reserved 1179648K
  class space    used 17875K, committed 18368K, reserved 1048576K
}
Event: 15.343 GC heap after
{Heap after GC invocations=53 (full 0):
 garbage-first heap   total 503808K, used 209920K [0x0000000080000000, 0x0000000100000000)
  region size 1024K, 6 young (6144K), 6 survivors (6144K)
 Metaspace       used 131473K, committed 132544K, reserved 1179648K
  class space    used 17875K, committed 18368K, reserved 1048576K
}
Event: 15.632 GC heap before
{Heap before GC invocations=53 (full 0):
 garbage-first heap   total 503808K, used 384000K [0x0000000080000000, 0x0000000100000000)
  region size 1024K, 177 young (181248K), 6 survivors (6144K)
 Metaspace       used 134285K, committed 135360K, reserved 1179648K
  class space    used 18325K, committed 18816K, reserved 1048576K
}
Event: 15.654 GC heap after
{Heap after GC invocations=54 (full 0):
 garbage-first heap   total 503808K, used 235520K [0x0000000080000000, 0x0000000100000000)
  region size 1024K, 23 young (23552K), 23 survivors (23552K)
 Metaspace       used 134285K, committed 135360K, reserved 1179648K
  class space    used 18325K, committed 18816K, reserved 1048576K
}
Event: 15.861 GC heap before
{Heap before GC invocations=54 (full 0):
 garbage-first heap   total 503808K, used 377856K [0x0000000080000000, 0x0000000100000000)
  region size 1024K, 162 young (165888K), 23 survivors (23552K)
 Metaspace       used 136906K, committed 138048K, reserved 1179648K
  class space    used 18766K, committed 19328K, reserved 1048576K
}
Event: 15.885 GC heap after
{Heap after GC invocations=55 (full 0):
 garbage-first heap   total 503808K, used 251915K [0x0000000080000000, 0x0000000100000000)
  region size 1024K, 16 young (16384K), 16 survivors (16384K)
 Metaspace       used 136906K, committed 138048K, reserved 1179648K
  class space    used 18766K, committed 19328K, reserved 1048576K
}
Event: 16.166 GC heap before
{Heap before GC invocations=55 (full 0):
 garbage-first heap   total 503808K, used 390155K [0x0000000080000000, 0x0000000100000000)
  region size 1024K, 152 young (155648K), 16 survivors (16384K)
 Metaspace       used 138459K, committed 139648K, reserved 1179648K
  class space    used 18971K, committed 19520K, reserved 1048576K
}
Event: 16.181 GC heap after
{Heap after GC invocations=56 (full 0):
 garbage-first heap   total 503808K, used 259780K [0x0000000080000000, 0x0000000100000000)
  region size 1024K, 8 young (8192K), 8 survivors (8192K)
 Metaspace       used 138459K, committed 139648K, reserved 1179648K
  class space    used 18971K, committed 19520K, reserved 1048576K
}
Event: 16.542 GC heap before
{Heap before GC invocations=56 (full 0):
 garbage-first heap   total 503808K, used 405188K [0x0000000080000000, 0x0000000100000000)
  region size 1024K, 149 young (152576K), 8 survivors (8192K)
 Metaspace       used 139112K, committed 140224K, reserved 1179648K
  class space    used 19061K, committed 19584K, reserved 1048576K
}

