# JRE version: OpenJDK Runtime Environment (17.0.11) (build 17.0.11+0--11852314)
# Java VM: OpenJDK 64-Bit Server VM (17.0.11+0--11852314, mixed mode, tiered, compressed oops, compressed class ptrs, g1 gc, windows-amd64)
GC Precious Log:
 CPUs: 8 total, 8 available
 Memory: 16225M
 Large Page Support: Disabled
 NUMA Support: Disabled
 Compressed Oops: Enabled (32-bit)
 Heap Region Size: 1M
 Heap Min Capacity: 8M
 Heap Initial Capacity: 254M
 Heap Max Capacity: 2G
 Pre-touch: Disabled
 Parallel Workers: 8
 Concurrent Workers: 2
 Concurrent Refinement Workers: 8
 Periodic GC: Disabled
Heap:
 garbage-first heap   total 398336K, used 185469K [0x0000000080000000, 0x0000000100000000)
  region size 1024K, 16 young (16384K), 16 survivors (16384K)
 Metaspace       used 138673K, committed 140096K, reserved 1179648K
  class space    used 18516K, committed 19200K, reserved 1048576K
GC Heap History (20 events):
Event: 64.680 GC heap after
{Heap after GC invocations=50 (full 0):
 garbage-first heap   total 269312K, used 195666K [0x0000000080000000, 0x0000000100000000)
  region size 1024K, 2 young (2048K), 2 survivors (2048K)
 Metaspace       used 124941K, committed 126272K, reserved 1179648K
  class space    used 16718K, committed 17344K, reserved 1048576K
}
Event: 136.758 GC heap before
{Heap before GC invocations=50 (full 0):
 garbage-first heap   total 269312K, used 228434K [0x0000000080000000, 0x0000000100000000)
  region size 1024K, 35 young (35840K), 2 survivors (2048K)
 Metaspace       used 125024K, committed 126336K, reserved 1179648K
  class space    used 16720K, committed 17344K, reserved 1048576K
}
Event: 136.762 GC heap after
{Heap after GC invocations=51 (full 0):
 garbage-first heap   total 269312K, used 197595K [0x0000000080000000, 0x0000000100000000)
  region size 1024K, 4 young (4096K), 4 survivors (4096K)
 Metaspace       used 125024K, committed 126336K, reserved 1179648K
  class space    used 16720K, committed 17344K, reserved 1048576K
}
Event: 137.013 GC heap before
{Heap before GC invocations=51 (full 0):
 garbage-first heap   total 269312K, used 229339K [0x0000000080000000, 0x0000000100000000)
  region size 1024K, 36 young (36864K), 4 survivors (4096K)
 Metaspace       used 125146K, committed 126528K, reserved 1179648K
  class space    used 16732K, committed 17408K, reserved 1048576K
}
Event: 137.019 GC heap after
{Heap after GC invocations=52 (full 0):
 garbage-first heap   total 269312K, used 202608K [0x0000000080000000, 0x0000000100000000)
  region size 1024K, 5 young (5120K), 5 survivors (5120K)
 Metaspace       used 125146K, committed 126528K, reserved 1179648K
  class space    used 16732K, committed 17408K, reserved 1048576K
}
Event: 137.218 GC heap before
{Heap before GC invocations=52 (full 0):
 garbage-first heap   total 269312K, used 230256K [0x0000000080000000, 0x0000000100000000)
  region size 1024K, 33 young (33792K), 5 survivors (5120K)
 Metaspace       used 125183K, committed 126592K, reserved 1179648K
  class space    used 16734K, committed 17408K, reserved 1048576K
}
Event: 137.225 GC heap after
{Heap after GC invocations=53 (full 0):
 garbage-first heap   total 323584K, used 205736K [0x0000000080000000, 0x0000000100000000)
  region size 1024K, 4 young (4096K), 4 survivors (4096K)
 Metaspace       used 125183K, committed 126592K, reserved 1179648K
  class space    used 16734K, committed 17408K, reserved 1048576K
}
Event: 137.973 GC heap before
{Heap before GC invocations=53 (full 0):
 garbage-first heap   total 323584K, used 264104K [0x0000000080000000, 0x0000000100000000)
  region size 1024K, 62 young (63488K), 4 survivors (4096K)
 Metaspace       used 130297K, committed 131712K, reserved 1179648K
  class space    used 17434K, committed 18112K, reserved 1048576K
}
Event: 137.979 GC heap after
{Heap after GC invocations=54 (full 0):
 garbage-first heap   total 323584K, used 210118K [0x0000000080000000, 0x0000000100000000)
  region size 1024K, 8 young (8192K), 8 survivors (8192K)
 Metaspace       used 130297K, committed 131712K, reserved 1179648K
  class space    used 17434K, committed 18112K, reserved 1048576K
}
Event: 138.113 GC heap before
{Heap before GC invocations=54 (full 0):
 garbage-first heap   total 323584K, used 244934K [0x0000000080000000, 0x0000000100000000)
  region size 1024K, 13 young (13312K), 8 survivors (8192K)
 Metaspace       used 130711K, committed 132096K, reserved 1179648K
  class space    used 17480K, committed 18176K, reserved 1048576K
}
Event: 138.118 GC heap after
{Heap after GC invocations=55 (full 0):
 garbage-first heap   total 323584K, used 220927K [0x0000000080000000, 0x0000000100000000)
  region size 1024K, 5 young (5120K), 5 survivors (5120K)
 Metaspace       used 130711K, committed 132096K, reserved 1179648K
  class space    used 17480K, committed 18176K, reserved 1048576K
}
Event: 138.147 GC heap before
{Heap before GC invocations=55 (full 0):
 garbage-first heap   total 323584K, used 241407K [0x0000000080000000, 0x0000000100000000)
  region size 1024K, 6 young (6144K), 5 survivors (5120K)
 Metaspace       used 130719K, committed 132096K, reserved 1179648K
  class space    used 17481K, committed 18176K, reserved 1048576K
}
Event: 138.151 GC heap after
{Heap after GC invocations=56 (full 0):
 garbage-first heap   total 323584K, used 233560K [0x0000000080000000, 0x0000000100000000)
  region size 1024K, 1 young (1024K), 1 survivors (1024K)
 Metaspace       used 130719K, committed 132096K, reserved 1179648K
  class space    used 17481K, committed 18176K, reserved 1048576K
}
Event: 138.162 GC heap before
{Heap before GC invocations=56 (full 0):
 garbage-first heap   total 323584K, used 235608K [0x0000000080000000, 0x0000000100000000)
  region size 1024K, 2 young (2048K), 1 survivors (1024K)
 Metaspace       used 130719K, committed 132096K, reserved 1179648K
  class space    used 17481K, committed 18176K, reserved 1048576K
}
Event: 138.164 GC heap after
{Heap after GC invocations=57 (full 0):
 garbage-first heap   total 323584K, used 231005K [0x0000000080000000, 0x0000000100000000)
  region size 1024K, 1 young (1024K), 1 survivors (1024K)
 Metaspace       used 130719K, committed 132096K, reserved 1179648K
  class space    used 17481K, committed 18176K, reserved 1048576K
}
Event: 548.804 GC heap before
{Heap before GC invocations=58 (full 0):
 garbage-first heap   total 398336K, used 275037K [0x0000000080000000, 0x0000000100000000)
  region size 1024K, 43 young (44032K), 1 survivors (1024K)
 Metaspace       used 131267K, committed 132672K, reserved 1179648K
  class space    used 17560K, committed 18240K, reserved 1048576K
}
Event: 548.808 GC heap after
{Heap after GC invocations=59 (full 0):
 garbage-first heap   total 398336K, used 205448K [0x0000000080000000, 0x0000000100000000)
  region size 1024K, 4 young (4096K), 4 survivors (4096K)
 Metaspace       used 131267K, committed 132672K, reserved 1179648K
  class space    used 17560K, committed 18240K, reserved 1048576K
}
Event: 548.956 GC heap before
{Heap before GC invocations=59 (full 0):
 garbage-first heap   total 398336K, used 220808K [0x0000000080000000, 0x0000000100000000)
  region size 1024K, 19 young (19456K), 4 survivors (4096K)
 Metaspace       used 131420K, committed 132928K, reserved 1179648K
  class space    used 17577K, committed 18304K, reserved 1048576K
}
Event: 548.964 GC heap after
{Heap after GC invocations=60 (full 0):
 garbage-first heap   total 398336K, used 173108K [0x0000000080000000, 0x0000000100000000)
  region size 1024K, 3 young (3072K), 3 survivors (3072K)
 Metaspace       used 131420K, committed 132928K, reserved 1179648K
  class space    used 17577K, committed 18304K, reserved 1048576K
}
Event: 549.767 GC heap before
{Heap before GC invocations=60 (full 0):
 garbage-first heap   total 398336K, used 267316K [0x0000000080000000, 0x0000000100000000)
  region size 1024K, 97 young (99328K), 3 survivors (3072K)
 Metaspace       used 138673K, committed 140096K, reserved 1179648K
  class space    used 18516K, committed 19200K, reserved 1048576K
}

