# JRE version: OpenJDK Runtime Environment (17.0.11) (build 17.0.11+0--11852314)
# Java VM: OpenJDK 64-Bit Server VM (17.0.11+0--11852314, mixed mode, tiered, compressed oops, compressed class ptrs, g1 gc, windows-amd64)
GC Precious Log:
 CPUs: 8 total, 8 available
 Memory: 16225M
 Large Page Support: Disabled
 NUMA Support: Disabled
 Compressed Oops: Enabled (32-bit)
 Heap Region Size: 1M
 Heap Min Capacity: 8M
 Heap Initial Capacity: 254M
 Heap Max Capacity: 2G
 Pre-touch: Disabled
 Parallel Workers: 8
 Concurrent Workers: 2
 Concurrent Refinement Workers: 8
 Periodic GC: Disabled
Heap:
 garbage-first heap   total 439296K, used 192499K [0x0000000080000000, 0x0000000100000000)
  region size 1024K, 13 young (13312K), 13 survivors (13312K)
 Metaspace       used 111747K, committed 112576K, reserved 1179648K
  class space    used 15474K, committed 15872K, reserved 1048576K
GC Heap History (20 events):
Event: 9.395 GC heap after
{Heap after GC invocations=30 (full 0):
 garbage-first heap   total 231424K, used 112055K [0x0000000080000000, 0x0000000100000000)
  region size 1024K, 10 young (10240K), 10 survivors (10240K)
 Metaspace       used 97704K, committed 98432K, reserved 1179648K
  class space    used 13535K, committed 13888K, reserved 1048576K
}
Event: 9.540 GC heap before
{Heap before GC invocations=30 (full 0):
 garbage-first heap   total 231424K, used 184759K [0x0000000080000000, 0x0000000100000000)
  region size 1024K, 81 young (82944K), 10 survivors (10240K)
 Metaspace       used 98936K, committed 99712K, reserved 1179648K
  class space    used 13728K, committed 14080K, reserved 1048576K
}
Event: 9.552 GC heap after
{Heap after GC invocations=31 (full 0):
 garbage-first heap   total 231424K, used 124516K [0x0000000080000000, 0x0000000100000000)
  region size 1024K, 11 young (11264K), 11 survivors (11264K)
 Metaspace       used 98936K, committed 99712K, reserved 1179648K
  class space    used 13728K, committed 14080K, reserved 1048576K
}
Event: 9.660 GC heap before
{Heap before GC invocations=31 (full 0):
 garbage-first heap   total 231424K, used 183908K [0x0000000080000000, 0x0000000100000000)
  region size 1024K, 70 young (71680K), 11 survivors (11264K)
 Metaspace       used 100155K, committed 100864K, reserved 1179648K
  class space    used 13902K, committed 14208K, reserved 1048576K
}
Event: 9.674 GC heap after
{Heap after GC invocations=32 (full 0):
 garbage-first heap   total 439296K, used 135168K [0x0000000080000000, 0x0000000100000000)
  region size 1024K, 9 young (9216K), 9 survivors (9216K)
 Metaspace       used 100155K, committed 100864K, reserved 1179648K
  class space    used 13902K, committed 14208K, reserved 1048576K
}
Event: 9.931 GC heap before
{Heap before GC invocations=32 (full 0):
 garbage-first heap   total 439296K, used 325632K [0x0000000080000000, 0x0000000100000000)
  region size 1024K, 196 young (200704K), 9 survivors (9216K)
 Metaspace       used 102833K, committed 103488K, reserved 1179648K
  class space    used 14235K, committed 14528K, reserved 1048576K
}
Event: 9.951 GC heap after
{Heap after GC invocations=33 (full 0):
 garbage-first heap   total 439296K, used 156672K [0x0000000080000000, 0x0000000100000000)
  region size 1024K, 25 young (25600K), 25 survivors (25600K)
 Metaspace       used 102833K, committed 103488K, reserved 1179648K
  class space    used 14235K, committed 14528K, reserved 1048576K
}
Event: 10.192 GC heap before
{Heap before GC invocations=33 (full 0):
 garbage-first heap   total 439296K, used 328704K [0x0000000080000000, 0x0000000100000000)
  region size 1024K, 192 young (196608K), 25 survivors (25600K)
 Metaspace       used 104943K, committed 105728K, reserved 1179648K
  class space    used 14576K, committed 14912K, reserved 1048576K
}
Event: 10.215 GC heap after
{Heap after GC invocations=34 (full 0):
 garbage-first heap   total 439296K, used 180729K [0x0000000080000000, 0x0000000100000000)
  region size 1024K, 24 young (24576K), 24 survivors (24576K)
 Metaspace       used 104943K, committed 105728K, reserved 1179648K
  class space    used 14576K, committed 14912K, reserved 1048576K
}
Event: 10.774 GC heap before
{Heap before GC invocations=34 (full 0):
 garbage-first heap   total 439296K, used 338425K [0x0000000080000000, 0x0000000100000000)
  region size 1024K, 178 young (182272K), 24 survivors (24576K)
 Metaspace       used 108181K, committed 108928K, reserved 1179648K
  class space    used 15090K, committed 15424K, reserved 1048576K
}
Event: 10.791 GC heap after
{Heap after GC invocations=35 (full 0):
 garbage-first heap   total 439296K, used 188915K [0x0000000080000000, 0x0000000100000000)
  region size 1024K, 10 young (10240K), 10 survivors (10240K)
 Metaspace       used 108181K, committed 108928K, reserved 1179648K
  class space    used 15090K, committed 15424K, reserved 1048576K
}
Event: 11.280 GC heap before
{Heap before GC invocations=35 (full 0):
 garbage-first heap   total 439296K, used 345587K [0x0000000080000000, 0x0000000100000000)
  region size 1024K, 164 young (167936K), 10 survivors (10240K)
 Metaspace       used 108900K, committed 109632K, reserved 1179648K
  class space    used 15168K, committed 15488K, reserved 1048576K
}
Event: 11.287 GC heap after
{Heap after GC invocations=36 (full 0):
 garbage-first heap   total 439296K, used 188682K [0x0000000080000000, 0x0000000100000000)
  region size 1024K, 10 young (10240K), 10 survivors (10240K)
 Metaspace       used 108900K, committed 109632K, reserved 1179648K
  class space    used 15168K, committed 15488K, reserved 1048576K
}
Event: 11.654 GC heap before
{Heap before GC invocations=36 (full 0):
 garbage-first heap   total 439296K, used 354570K [0x0000000080000000, 0x0000000100000000)
  region size 1024K, 173 young (177152K), 10 survivors (10240K)
 Metaspace       used 110209K, committed 110912K, reserved 1179648K
  class space    used 15338K, committed 15680K, reserved 1048576K
}
Event: 11.661 GC heap after
{Heap after GC invocations=37 (full 0):
 garbage-first heap   total 439296K, used 189427K [0x0000000080000000, 0x0000000100000000)
  region size 1024K, 10 young (10240K), 10 survivors (10240K)
 Metaspace       used 110209K, committed 110912K, reserved 1179648K
  class space    used 15338K, committed 15680K, reserved 1048576K
}
Event: 11.993 GC heap before
{Heap before GC invocations=37 (full 0):
 garbage-first heap   total 439296K, used 362483K [0x0000000080000000, 0x0000000100000000)
  region size 1024K, 179 young (183296K), 10 survivors (10240K)
 Metaspace       used 111361K, committed 112256K, reserved 1179648K
  class space    used 15459K, committed 15872K, reserved 1048576K
}
Event: 12.003 GC heap after
{Heap after GC invocations=38 (full 0):
 garbage-first heap   total 439296K, used 190451K [0x0000000080000000, 0x0000000100000000)
  region size 1024K, 11 young (11264K), 11 survivors (11264K)
 Metaspace       used 111361K, committed 112256K, reserved 1179648K
  class space    used 15459K, committed 15872K, reserved 1048576K
}
Event: 12.292 GC heap before
{Heap before GC invocations=38 (full 0):
 garbage-first heap   total 439296K, used 367603K [0x0000000080000000, 0x0000000100000000)
  region size 1024K, 184 young (188416K), 11 survivors (11264K)
 Metaspace       used 111593K, committed 112448K, reserved 1179648K
  class space    used 15471K, committed 15872K, reserved 1048576K
}
Event: 12.302 GC heap after
{Heap after GC invocations=39 (full 0):
 garbage-first heap   total 439296K, used 191423K [0x0000000080000000, 0x0000000100000000)
  region size 1024K, 12 young (12288K), 12 survivors (12288K)
 Metaspace       used 111593K, committed 112448K, reserved 1179648K
  class space    used 15471K, committed 15872K, reserved 1048576K
}
Event: 12.560 GC heap before
{Heap before GC invocations=39 (full 0):
 garbage-first heap   total 439296K, used 370623K [0x0000000080000000, 0x0000000100000000)
  region size 1024K, 188 young (192512K), 12 survivors (12288K)
 Metaspace       used 111747K, committed 112576K, reserved 1179648K
  class space    used 15474K, committed 15872K, reserved 1048576K
}

